{"name": "test_partial_update", "status": "failed", "statusDetails": {"message": "AssertionError", "trace": "self = <tests.test.Integration.test_case_1.TestPostPatch object at 0x0000022D78A129C0>\ncreate_token = 'f3b24bd129cb444', create_booking = 3927\n\n    def test_partial_update(self,create_token,create_booking):\n        token=create_token\n        booking_id=create_booking\n        patch_url=APIConstants.put_patch_delete_url(self,booking_id=booking_id)\n        response=patch_request(url=patch_url,\n                               headers=Utils().common_header_put_patch_delete_cookie(token=token),\n                               auth=None,payload=partial_update_payload(),in_json=False)\n        verify_http_response_code(response=response,expected_data=200)\n        verify_response_key_not_none(response.json()[\"firstname\"])\n>       verify_response_key([\"firstname\"],\"Aayush\")\n\ntest_case_1.py:36: \n_ _ _ _ _ _ _ _ _ _ _ _ _ _ _ _ _ _ _ _ _ _ _ _ _ _ _ _ _ _ _ _ _ _ _ _ _ _ _ _\n\nkey = ['firstname'], expected_data = 'Aayush'\n\n    def verify_response_key(key,expected_data):\n>       assert key==expected_data\nE       AssertionError\n\n..\\..\\..\\src\\helpers\\common_verifications.py:15: AssertionError"}, "start": 1739291803291, "stop": 1739291806953, "uuid": "41343c1d-c8e6-4907-a869-1913e14125f9", "historyId": "a5ddeb002aad6e96101ae7c1a4a901fd", "testCaseId": "a5ddeb002aad6e96101ae7c1a4a901fd", "fullName": "tests.test.Integration.test_case_1.TestPostPatch#test_partial_update", "labels": [{"name": "parentSuite", "value": "tests.test.Integration"}, {"name": "suite", "value": "test_case_1"}, {"name": "subSuite", "value": "TestPostPatch"}, {"name": "host", "value": "someshcom065"}, {"name": "thread", "value": "14424-MainThread"}, {"name": "framework", "value": "pytest"}, {"name": "language", "value": "cpython3"}, {"name": "package", "value": "tests.test.Integration.test_case_1"}]}